<?xml version="1.0" encoding="UTF-8"?>
<!-- Generated by org.testng.reporters.JUnitReportReporter -->
<testsuite hostname="Kiran-TY-WIN7" name="com.qahackthon.hackthondemo.Login.LoginTestcases" tests="3" failures="0" timestamp="9 Sep 2017 13:39:49 GMT" time="14.313" errors="0">
  <testcase name="login" time="0.723" classname="com.qahackthon.hackthondemo.Login.LoginTestcases"/>
  <testcase name="launch" time="4.843" classname="com.qahackthon.hackthondemo.Login.LoginTestcases"/>
  <testcase name="editProfile" time="8.747" classname="com.qahackthon.hackthondemo.Login.LoginTestcases"/>
</testsuite> <!-- com.qahackthon.hackthondemo.Login.LoginTestcases -->
